[2025-12-25 05:12:42] Starting Akibai Explorer workflow iteration 1
SUCCESS: backend folder present
SUCCESS: frontend folder present
SUCCESS: scripts folder present
SAVEPOINT: Folders checked/created | 2025-12-25 05:12:42 | HEAD
[2025-12-25 05:12:42] Creating Python venv
[2025-12-25 05:42:18] Starting Akibai Explorer workflow iteration 1
SUCCESS: backend folder present
SUCCESS: frontend folder present
SUCCESS: scripts folder present
SAVEPOINT: Folders checked/created | 2025-12-25 05:42:18 | 010e8812957bc0517839d13acf693c94e3272c70
SAVEPOINT: Backend venv and dependencies installed | 2025-12-25 05:42:21 | 010e8812957bc0517839d13acf693c94e3272c70
SUCCESS: .env file created
SAVEPOINT: .env checked/created | 2025-12-25 05:42:21 | 010e8812957bc0517839d13acf693c94e3272c70
SAVEPOINT: backend/main.py checked/created | 2025-12-25 05:42:22 | 010e8812957bc0517839d13acf693c94e3272c70
SAVEPOINT: docker-compose.yml checked/created | 2025-12-25 05:42:22 | 010e8812957bc0517839d13acf693c94e3272c70
SAVEPOINT: Frontend scaffolded | 2025-12-25 05:42:22 | 010e8812957bc0517839d13acf693c94e3272c70
SUCCESS: frontend/akibai-explorer-frontend/src/brandkit.css created
SAVEPOINT: frontend/brandkit.css checked/created | 2025-12-25 05:42:22 | 010e8812957bc0517839d13acf693c94e3272c70
SAVEPOINT: frontend/App.jsx checked/created | 2025-12-25 05:42:22 | 010e8812957bc0517839d13acf693c94e3272c70
SUCCESS: dox/discover_github_repos.sh is present and executable
SAVEPOINT: discovery script checked/created | 2025-12-25 05:42:22 | 010e8812957bc0517839d13acf693c94e3272c70
[2025-12-25 05:42:22] Starting PostgreSQL via Docker
SUCCESS: Starting PostgreSQL via Docker
[2025-12-25 05:42:23] Initializing DB
[2025-12-25 06:46:08] Starting Akibai Explorer workflow iteration 1
SUCCESS: backend folder present
SUCCESS: frontend folder present
SUCCESS: scripts folder present
SAVEPOINT: Folders checked/created | 2025-12-25 06:46:08 | f6c4509e22ee82d65e302a661bbfd28087dee5e4
[2025-12-25 06:46:09] Creating Python venv
[2025-12-25 07:35:35] Starting Akibai Explorer workflow iteration 1
SUCCESS: backend folder present
SUCCESS: frontend folder present
SUCCESS: scripts folder present
SAVEPOINT: Folders checked/created | 2025-12-25 07:35:35 | f6c4509e22ee82d65e302a661bbfd28087dee5e4
SAVEPOINT: Backend venv and dependencies installed | 2025-12-25 07:35:45 | f6c4509e22ee82d65e302a661bbfd28087dee5e4
SAVEPOINT: .env checked/created | 2025-12-25 07:35:45 | f6c4509e22ee82d65e302a661bbfd28087dee5e4
SUCCESS: backend/main.py created
SAVEPOINT: backend/main.py checked/created | 2025-12-25 07:35:45 | f6c4509e22ee82d65e302a661bbfd28087dee5e4
SUCCESS: docker-compose.yml created
SAVEPOINT: docker-compose.yml checked/created | 2025-12-25 07:35:45 | f6c4509e22ee82d65e302a661bbfd28087dee5e4
SAVEPOINT: Frontend scaffolded | 2025-12-25 07:35:45 | f6c4509e22ee82d65e302a661bbfd28087dee5e4
SAVEPOINT: frontend/brandkit.css checked/created | 2025-12-25 07:35:45 | f6c4509e22ee82d65e302a661bbfd28087dee5e4
SAVEPOINT: frontend/App.jsx checked/created | 2025-12-25 07:35:45 | f6c4509e22ee82d65e302a661bbfd28087dee5e4
SUCCESS: dox/discover_github_repos.sh is present and executable
SAVEPOINT: discovery script checked/created | 2025-12-25 07:35:45 | f6c4509e22ee82d65e302a661bbfd28087dee5e4
[2025-12-25 07:35:45] Starting PostgreSQL via Docker
ERROR: Starting PostgreSQL via Docker (see akibai_self_healing_logs/docker_up.log)
[2025-12-25 07:35:49] Initializing DB
