SUCCESS: Creating Python venv
SAVEPOINT: Backend venv and dependencies installed | 2025-12-25 05:13:00 | HEAD
SUCCESS: .env file created
SAVEPOINT: .env checked/created | 2025-12-25 05:13:00 | HEAD
SUCCESS: backend/main.py created
SAVEPOINT: backend/main.py checked/created | 2025-12-25 05:13:00 | HEAD
SUCCESS: docker-compose.yml created
SAVEPOINT: docker-compose.yml checked/created | 2025-12-25 05:13:00 | HEAD
SUCCESS: Vite React app scaffolded
SAVEPOINT: Frontend scaffolded | 2025-12-25 05:13:00 | HEAD
SAVEPOINT: frontend/brandkit.css checked/created | 2025-12-25 05:13:00 | HEAD
SAVEPOINT: frontend/App.jsx checked/created | 2025-12-25 05:13:00 | HEAD
SUCCESS: scripts/discover_github_repos.sh created
SAVEPOINT: discovery script checked/created | 2025-12-25 05:13:00 | HEAD
[2025-12-25 05:13:00] Starting PostgreSQL via Docker
ERROR: Starting PostgreSQL via Docker (see akibai_self_healing_logs/docker_up.log)
[2025-12-25 05:13:01] Initializing DB
ERROR: Initializing DB (see akibai_self_healing_logs/init_db.log)
[2025-12-25 05:13:01] Starting backend server
SUCCESS: Starting backend server
[2025-12-25 05:13:01] Building frontend
ERROR: Building frontend (see akibai_self_healing_logs/frontend_build.log)
[2025-12-25 05:13:01] Starting frontend preview
SUCCESS: Starting frontend preview
[2025-12-25 05:13:03] Starting Akibai Explorer workflow iteration 4
SUCCESS: backend folder present
SUCCESS: frontend folder present
SUCCESS: scripts folder present
SAVEPOINT: Folders checked/created | 2025-12-25 05:13:03 | HEAD
[2025-12-25 05:13:03] Creating Python venv
